========================================
========================================
⏰ 自动安装任务 - 2026年 03月 01日 星期日 23:00:01 CST
⏰ 自动安装任务 - 2026年 03月 01日 星期日 23:00:01 CST
========================================
========================================


🔧 尝试安装: agent-browser
🔧 尝试安装: agent-browser
- Resolving agent-browser
- Resolving agent-browser

⚠️  Warning: "agent-browser" is flagged as suspicious by VirusTotal Code Insight.
   This skill may contain risky patterns (crypto keys, external APIs, eval, etc.)
   Review the skill code before use.

Error: Use --force to install suspicious skills in non-interactive mode

⚠️  Warning: "agent-browser" is flagged as suspicious by VirusTotal Code Insight.
   This skill may contain risky patterns (crypto keys, external APIs, eval, etc.)
   Review the skill code before use.

Error: Use --force to install suspicious skills in non-interactive mode
❌ agent-browser 安装失败
❌ agent-browser 安装失败


🔧 尝试安装: byterover
🔧 尝试安装: byterover
- Resolving byterover
- Resolving byterover
✖ Rate limit exceeded
✖ Rate limit exceeded
Error: Rate limit exceeded
Error: Rate limit exceeded
❌ byterover 安装失败
❌ byterover 安装失败


✅ 任务完成 - 2026年 03月 01日 星期日 23:04:21 CST
✅ 任务完成 - 2026年 03月 01日 星期日 23:04:21 CST
